CDPATH="${ZSH_VERSION+.}:" && cd .. && /bin/sh '/c/Users/woutn/Downloads/robotworld-OSM@7b023648c27/missing' aclocal-1.16 -I ./m4
CDPATH="${ZSH_VERSION+.}:" && cd .. && /bin/sh '/c/Users/woutn/Downloads/robotworld-OSM@7b023648c27/missing' autoconf
 cd .. && /bin/sh /c/Users/woutn/Downloads/robotworld-OSM@7b023648c27/missing automake-1.16 --foreign
/bin/sh ./config.status --recheck
running CONFIG_SHELL=/bin/sh /bin/sh ../configure --with-cxx=17 --with-boost=/c/boost/ --with-wx-config=/c/wxWidgets-3.2.4/build-mingw/wx-config --no-create --no-recursion
configure: loading site script /etc/config.site
checking for a BSD-compatible install... /usr/bin/install -c
checking whether build environment is sane... yes
checking for a race-free mkdir -p... /usr/bin/mkdir -p
checking for gawk... gawk
checking whether make sets $(MAKE)... yes
checking whether make supports nested variables... yes
checking build system type... x86_64-w64-mingw32
checking host system type... x86_64-w64-mingw32
checking how to print strings... printf
checking whether make supports the include directive... yes (GNU style)
checking for gcc... gcc
checking whether the C compiler works... yes
checking for C compiler default output file name... a.exe
checking for suffix of executables... .exe
checking whether we are cross compiling... no
checking for suffix of object files... o
checking whether the compiler supports GNU C... yes
checking whether gcc accepts -g... yes
checking for gcc option to enable C11 features... none needed
checking whether gcc understands -c and -o together... yes
checking dependency style of gcc... gcc3
checking for a sed that does not truncate output... /usr/bin/sed
checking for grep that handles long lines and -e... /usr/bin/grep
checking for egrep... /usr/bin/grep -E
checking for fgrep... /usr/bin/grep -F
checking for ld used by gcc... C:/msys64/mingw64/x86_64-w64-mingw32/bin/ld.exe
checking if the linker (C:/msys64/mingw64/x86_64-w64-mingw32/bin/ld.exe) is GNU ld... yes
checking for BSD- or MS-compatible name lister (nm)... /mingw64/bin/nm -B
checking the name lister (/mingw64/bin/nm -B) interface... BSD nm
checking whether ln -s works... no, using cp -pR
checking the maximum length of command line arguments... 8192
checking how to convert x86_64-w64-mingw32 file names to x86_64-w64-mingw32 format... func_convert_file_msys_to_w32
checking how to convert x86_64-w64-mingw32 file names to toolchain format... func_convert_file_msys_to_w32
checking for C:/msys64/mingw64/x86_64-w64-mingw32/bin/ld.exe option to reload object files... -r
checking for file... file
checking for objdump... objdump
checking how to recognize dependent libraries... file_magic ^x86 archive import|^x86 DLL
checking for dlltool... dlltool
checking how to associate runtime and link libraries... func_cygming_dll_for_implib
checking for ar... ar
checking for archiver @FILE support... @
checking for strip... strip
checking for ranlib... ranlib
checking command to parse /mingw64/bin/nm -B output from gcc object... ok
checking for sysroot... no
checking for a working dd... /usr/bin/dd
checking how to truncate binary pipes... /usr/bin/dd bs=4096 count=1
checking for mt... no
checking if : is a manifest tool... no
checking for stdio.h... yes
checking for stdlib.h... yes
checking for string.h... yes
checking for inttypes.h... yes
checking for stdint.h... yes
checking for strings.h... yes
checking for sys/stat.h... yes
checking for sys/types.h... yes
checking for unistd.h... yes
checking for dlfcn.h... no
checking for objdir... .libs
checking if gcc supports -fno-rtti -fno-exceptions... no
checking for gcc option to produce PIC... -DDLL_EXPORT -DPIC
checking if gcc PIC flag -DDLL_EXPORT -DPIC works... yes
checking if gcc static flag -static works... yes
checking if gcc supports -c -o file.o... yes
checking if gcc supports -c -o file.o... (cached) yes
checking whether the gcc linker (C:/msys64/mingw64/x86_64-w64-mingw32/bin/ld.exe) supports shared libraries... yes
checking whether -lc should be explicitly linked in... yes
checking dynamic linker characteristics... Win32 ld.exe
checking how to hardcode library paths into programs... immediate
checking whether stripping libraries is possible... yes
checking if libtool supports shared libraries... yes
checking whether to build shared libraries... yes
checking whether to build static libraries... yes
checking whether make sets $(MAKE)... (cached) yes
checking for gcc... (cached) gcc
checking whether the compiler supports GNU C... (cached) yes
checking whether gcc accepts -g... (cached) yes
checking for gcc option to enable C11 features... (cached) none needed
checking whether gcc understands -c and -o together... (cached) yes
checking dependency style of gcc... (cached) gcc3
checking for g++... g++
checking whether the compiler supports GNU C++... yes
checking whether g++ accepts -g... yes
checking for g++ option to enable C++11 features... none needed
checking dependency style of g++... gcc3
checking how to run the C++ preprocessor... g++ -E
checking for ld used by g++... C:/msys64/mingw64/x86_64-w64-mingw32/bin/ld.exe
checking if the linker (C:/msys64/mingw64/x86_64-w64-mingw32/bin/ld.exe) is GNU ld... yes
checking whether the g++ linker (C:/msys64/mingw64/x86_64-w64-mingw32/bin/ld.exe) supports shared libraries... yes
checking for g++ option to produce PIC... -DDLL_EXPORT -DPIC
checking if g++ PIC flag -DDLL_EXPORT -DPIC works... yes
checking if g++ static flag -static works... yes
checking if g++ supports -c -o file.o... yes
checking if g++ supports -c -o file.o... (cached) yes
checking whether the g++ linker (C:/msys64/mingw64/x86_64-w64-mingw32/bin/ld.exe) supports shared libraries... yes
checking dynamic linker characteristics... Win32 ld.exe
checking how to hardcode library paths into programs... immediate
checking for cppcheck... no
configure: WARNING: cppcheck not found - continuing without cppcheck support
checking for run-clang-tidy... no
configure: WARNING: run-clang-tidy not found - continuing without run-clang-tidy support
checking for bear... no
configure: WARNING: bear not found - continuing without bear (needed for clang-tidy support)
checking for compiledb... no
configure: WARNING: compiledb not found - continuing without compiledb (needed for clang-tidy support)
checking for doxygen... no
configure: WARNING: Doxygen not found - continue without Doxygen support
checking for Boost headers version >= 1.74.0... /c/boost//include
checking for Boost's header version... 1_84
configure: Using Boost version: /c/boost//include/boost/version.hpp
checking for the toolset name used by Boost for g++... configure: WARNING: could not figure out which toolset name to use for g++

checking for boost/system/error_code.hpp... yes
checking for the Boost system library... yes
sed: can't read conftest.o: No such file or directory
checking for the flags needed to use pthreads... 
checking for boost/system/error_code.hpp... (cached) yes
checking for the Boost system library... (cached) yes
checking for boost/thread.hpp... yes
checking for the Boost thread library... (cached) yes
checking for boost/date_time/posix_time/posix_time.hpp... yes
checking for the Boost date_time library... (cached) yes
checking for boost/regex.hpp... yes
checking for the Boost regex library... (cached) yes
checking for boost/archive/text_oarchive.hpp... yes
checking for the Boost serialization library... (cached) yes
checking for boost/system/error_code.hpp... (cached) yes
checking for the Boost system library... (cached) yes
checking for boost/filesystem/path.hpp... yes
checking for the Boost filesystem library... (cached) yes
checking for boost/system/error_code.hpp... (cached) yes
checking for the Boost system library... (cached) yes
checking for boost/chrono.hpp... yes
checking for the Boost chrono library... (cached) yes
checking for boost/test/unit_test.hpp... yes
checking for the Boost unit_test_framework library... (cached) yes
checking for wx-config... /c/wxWidgets-3.2.4/build-mingw/wx-config
checking for wxWidgets version >= 3.1.2 (--debug=yes)... yes (version 3.2.4)
checking for wxWidgets static library... no
Enabling development tracing
checking that generated files are newer than configure... done
configure: creating ./config.status
configure:
	host                    : x86_64-w64-mingw32
	TARGET                  : mingw
	CXX                     : g++
	C Preprocessor flags    : 
	C Compile flags         : 
	C++ Compile flags       : 
	Link flags              : 
	Link libraries          : 
	"AM_CPPFLAGS"           :  -DDEVELOPMENT
	"AM_CFLAGS"             :  -Og -g3 -Wall -Wextra -Wconversion
	"AM_CXXFLAGS"           :  -Og -g3 -Wall -Wextra -Wconversion
	"AM_LDFLAGS"            : -no-undefined -Wl,--enable-runtime-pseudo-reloc,--enable-auto-import
#	"AM_LDADD"              : 
	CPPCHECK                : 
	CLANGTIDY               : 
	BEAR                    : 
	COMPILEDB               : 
	DOXYGEN                 : 
	ROBOTWORLD_CPPFLAGS     : -D_WIN32_WINNT=0x0501
	ROBOTWORLD_CFLAGS       : -pipe -std=gnu11
	ROBOTWORLD_CXXFLAGS     : -pipe -std=gnu++17
	ROBOTWORLD_LDFLAGS      : -Wl,--subsystem,windows -mwindows
	BOOST_CPPFLAGS          : -isystem /c/boost//include
	BOOST_LDFLAGS           : -L/c/boost//lib -Wl,-R,/c/boost//lib 
	BOOST_LIBS              : -lboost_system-mt-x64 -lboost_thread-mt-x64 -lboost_system-mt-x64  -lws2_32 -lboost_filesystem-mt-x64 -lboost_chrono-mt-x64
	BOOST_SYSTEM_LIBS       : -lboost_system-mt-x64
	BOOST_THREAD_LIBS       : -lboost_thread-mt-x64 -lboost_system-mt-x64  -lws2_32
	BOOST_CHRONO_LIBS       : -lboost_chrono-mt-x64
	BOOST_TIMER_LIBS        : -lboost_timer-mt-x64
	BOOST_FILESYSTEM_LIBS   : -lboost_filesystem-mt-x64
	WX_CPPFLAGS             : -isystem /c/wxWidgets-3.2.4/build-mingw/lib/wx/include/msw-unicode-3.2 -isystem /c/wxWidgets-3.2.4/include -D_FILE_OFFSET_BITS=64 -DWXUSINGDLL -D__WXMSW__
	WX_CFLAGS               : -I/c/wxWidgets-3.2.4/build-mingw/lib/wx/include/msw-unicode-3.2 -I/c/wxWidgets-3.2.4/include -D_FILE_OFFSET_BITS=64 -DWXUSINGDLL -D__WXMSW__ 
	WX_CXXFLAGS             : -isystem /c/wxWidgets-3.2.4/build-mingw/lib/wx/include/msw-unicode-3.2 -isystem /c/wxWidgets-3.2.4/include -D_FILE_OFFSET_BITS=64 -DWXUSINGDLL -D__WXMSW__
	WX_LDFLAGS              : -Wl,-rpath,/c/wxWidgets-3.2.4/build-mingw/lib
	SOCKET_LIBS             : -lwsock32 -lws2_32

 /bin/sh ./config.status
config.status: creating Makefile
config.status: creating src/Makefile
config.status: creating Doxyfile
config.status: creating src/config.h
config.status: src/config.h is unchanged
config.status: executing depfiles commands
config.status: executing libtool commands
Making all in src
make[1]: Entering directory '/c/Users/woutn/Downloads/robotworld-OSM@7b023648c27/mingw/src'
(CDPATH="${ZSH_VERSION+.}:" && cd ../.. && /bin/sh '/c/Users/woutn/Downloads/robotworld-OSM@7b023648c27/missing' autoheader)
rm -f stamp-h1
touch ../../src/config.h.in
cd .. && /bin/sh ./config.status src/config.h
config.status: creating src/config.h
config.status: src/config.h is unchanged
make  all-am
make[2]: Entering directory '/c/Users/woutn/Downloads/robotworld-OSM@7b023648c27/mingw/src'
g++ -DHAVE_CONFIG_H -I. -I../../src  -DDEVELOPMENT -D_WIN32_WINNT=0x0501 -isystem /c/wxWidgets-3.2.4/build-mingw/lib/wx/include/msw-unicode-3.2 -isystem /c/wxWidgets-3.2.4/include -D_FILE_OFFSET_BITS=64 -DWXUSINGDLL -D__WXMSW__  -Og -g3 -Wall -Wextra -Wconversion -pipe -std=gnu++17 -isystem /c/boost//include -isystem /c/wxWidgets-3.2.4/build-mingw/lib/wx/include/msw-unicode-3.2 -isystem /c/wxWidgets-3.2.4/include -D_FILE_OFFSET_BITS=64 -DWXUSINGDLL -D__WXMSW__  -MT robotworld-AStar.o -MD -MP -MF .deps/robotworld-AStar.Tpo -c -o robotworld-AStar.o `test -f 'AStar.cpp' || echo '../../src/'`AStar.cpp
g++ -DHAVE_CONFIG_H -I. -I../../src  -DDEVELOPMENT -D_WIN32_WINNT=0x0501 -isystem /c/wxWidgets-3.2.4/build-mingw/lib/wx/include/msw-unicode-3.2 -isystem /c/wxWidgets-3.2.4/include -D_FILE_OFFSET_BITS=64 -DWXUSINGDLL -D__WXMSW__  -Og -g3 -Wall -Wextra -Wconversion -pipe -std=gnu++17 -isystem /c/boost//include -isystem /c/wxWidgets-3.2.4/build-mingw/lib/wx/include/msw-unicode-3.2 -isystem /c/wxWidgets-3.2.4/include -D_FILE_OFFSET_BITS=64 -DWXUSINGDLL -D__WXMSW__  -MT robotworld-BoundedVector.o -MD -MP -MF .deps/robotworld-BoundedVector.Tpo -c -o robotworld-BoundedVector.o `test -f 'BoundedVector.cpp' || echo '../../src/'`BoundedVector.cpp
g++ -DHAVE_CONFIG_H -I. -I../../src  -DDEVELOPMENT -D_WIN32_WINNT=0x0501 -isystem /c/wxWidgets-3.2.4/build-mingw/lib/wx/include/msw-unicode-3.2 -isystem /c/wxWidgets-3.2.4/include -D_FILE_OFFSET_BITS=64 -DWXUSINGDLL -D__WXMSW__  -Og -g3 -Wall -Wextra -Wconversion -pipe -std=gnu++17 -isystem /c/boost//include -isystem /c/wxWidgets-3.2.4/build-mingw/lib/wx/include/msw-unicode-3.2 -isystem /c/wxWidgets-3.2.4/include -D_FILE_OFFSET_BITS=64 -DWXUSINGDLL -D__WXMSW__  -MT robotworld-CommunicationService.o -MD -MP -MF .deps/robotworld-CommunicationService.Tpo -c -o robotworld-CommunicationService.o `test -f 'CommunicationService.cpp' || echo '../../src/'`CommunicationService.cpp
g++ -DHAVE_CONFIG_H -I. -I../../src  -DDEVELOPMENT -D_WIN32_WINNT=0x0501 -isystem /c/wxWidgets-3.2.4/build-mingw/lib/wx/include/msw-unicode-3.2 -isystem /c/wxWidgets-3.2.4/include -D_FILE_OFFSET_BITS=64 -DWXUSINGDLL -D__WXMSW__  -Og -g3 -Wall -Wextra -Wconversion -pipe -std=gnu++17 -isystem /c/boost//include -isystem /c/wxWidgets-3.2.4/build-mingw/lib/wx/include/msw-unicode-3.2 -isystem /c/wxWidgets-3.2.4/include -D_FILE_OFFSET_BITS=64 -DWXUSINGDLL -D__WXMSW__  -MT robotworld-FileTraceFunction.o -MD -MP -MF .deps/robotworld-FileTraceFunction.Tpo -c -o robotworld-FileTraceFunction.o `test -f 'FileTraceFunction.cpp' || echo '../../src/'`FileTraceFunction.cpp
mv -f .deps/robotworld-BoundedVector.Tpo .deps/robotworld-BoundedVector.Po
g++ -DHAVE_CONFIG_H -I. -I../../src  -DDEVELOPMENT -D_WIN32_WINNT=0x0501 -isystem /c/wxWidgets-3.2.4/build-mingw/lib/wx/include/msw-unicode-3.2 -isystem /c/wxWidgets-3.2.4/include -D_FILE_OFFSET_BITS=64 -DWXUSINGDLL -D__WXMSW__  -Og -g3 -Wall -Wextra -Wconversion -pipe -std=gnu++17 -isystem /c/boost//include -isystem /c/wxWidgets-3.2.4/build-mingw/lib/wx/include/msw-unicode-3.2 -isystem /c/wxWidgets-3.2.4/include -D_FILE_OFFSET_BITS=64 -DWXUSINGDLL -D__WXMSW__  -MT robotworld-Goal.o -MD -MP -MF .deps/robotworld-Goal.Tpo -c -o robotworld-Goal.o `test -f 'Goal.cpp' || echo '../../src/'`Goal.cpp
mv -f .deps/robotworld-FileTraceFunction.Tpo .deps/robotworld-FileTraceFunction.Po
g++ -DHAVE_CONFIG_H -I. -I../../src  -DDEVELOPMENT -D_WIN32_WINNT=0x0501 -isystem /c/wxWidgets-3.2.4/build-mingw/lib/wx/include/msw-unicode-3.2 -isystem /c/wxWidgets-3.2.4/include -D_FILE_OFFSET_BITS=64 -DWXUSINGDLL -D__WXMSW__  -Og -g3 -Wall -Wextra -Wconversion -pipe -std=gnu++17 -isystem /c/boost//include -isystem /c/wxWidgets-3.2.4/build-mingw/lib/wx/include/msw-unicode-3.2 -isystem /c/wxWidgets-3.2.4/include -D_FILE_OFFSET_BITS=64 -DWXUSINGDLL -D__WXMSW__  -MT robotworld-GoalShape.o -MD -MP -MF .deps/robotworld-GoalShape.Tpo -c -o robotworld-GoalShape.o `test -f 'GoalShape.cpp' || echo '../../src/'`GoalShape.cpp
mv -f .deps/robotworld-Goal.Tpo .deps/robotworld-Goal.Po
g++ -DHAVE_CONFIG_H -I. -I../../src  -DDEVELOPMENT -D_WIN32_WINNT=0x0501 -isystem /c/wxWidgets-3.2.4/build-mingw/lib/wx/include/msw-unicode-3.2 -isystem /c/wxWidgets-3.2.4/include -D_FILE_OFFSET_BITS=64 -DWXUSINGDLL -D__WXMSW__  -Og -g3 -Wall -Wextra -Wconversion -pipe -std=gnu++17 -isystem /c/boost//include -isystem /c/wxWidgets-3.2.4/build-mingw/lib/wx/include/msw-unicode-3.2 -isystem /c/wxWidgets-3.2.4/include -D_FILE_OFFSET_BITS=64 -DWXUSINGDLL -D__WXMSW__  -MT robotworld-LineShape.o -MD -MP -MF .deps/robotworld-LineShape.Tpo -c -o robotworld-LineShape.o `test -f 'LineShape.cpp' || echo '../../src/'`LineShape.cpp
mv -f .deps/robotworld-AStar.Tpo .deps/robotworld-AStar.Po
g++ -DHAVE_CONFIG_H -I. -I../../src  -DDEVELOPMENT -D_WIN32_WINNT=0x0501 -isystem /c/wxWidgets-3.2.4/build-mingw/lib/wx/include/msw-unicode-3.2 -isystem /c/wxWidgets-3.2.4/include -D_FILE_OFFSET_BITS=64 -DWXUSINGDLL -D__WXMSW__  -Og -g3 -Wall -Wextra -Wconversion -pipe -std=gnu++17 -isystem /c/boost//include -isystem /c/wxWidgets-3.2.4/build-mingw/lib/wx/include/msw-unicode-3.2 -isystem /c/wxWidgets-3.2.4/include -D_FILE_OFFSET_BITS=64 -DWXUSINGDLL -D__WXMSW__  -MT robotworld-Logger.o -MD -MP -MF .deps/robotworld-Logger.Tpo -c -o robotworld-Logger.o `test -f 'Logger.cpp' || echo '../../src/'`Logger.cpp
mv -f .deps/robotworld-Logger.Tpo .deps/robotworld-Logger.Po
g++ -DHAVE_CONFIG_H -I. -I../../src  -DDEVELOPMENT -D_WIN32_WINNT=0x0501 -isystem /c/wxWidgets-3.2.4/build-mingw/lib/wx/include/msw-unicode-3.2 -isystem /c/wxWidgets-3.2.4/include -D_FILE_OFFSET_BITS=64 -DWXUSINGDLL -D__WXMSW__  -Og -g3 -Wall -Wextra -Wconversion -pipe -std=gnu++17 -isystem /c/boost//include -isystem /c/wxWidgets-3.2.4/build-mingw/lib/wx/include/msw-unicode-3.2 -isystem /c/wxWidgets-3.2.4/include -D_FILE_OFFSET_BITS=64 -DWXUSINGDLL -D__WXMSW__  -MT robotworld-LogTextCtrl.o -MD -MP -MF .deps/robotworld-LogTextCtrl.Tpo -c -o robotworld-LogTextCtrl.o `test -f 'LogTextCtrl.cpp' || echo '../../src/'`LogTextCtrl.cpp
mv -f .deps/robotworld-GoalShape.Tpo .deps/robotworld-GoalShape.Po
g++ -DHAVE_CONFIG_H -I. -I../../src  -DDEVELOPMENT -D_WIN32_WINNT=0x0501 -isystem /c/wxWidgets-3.2.4/build-mingw/lib/wx/include/msw-unicode-3.2 -isystem /c/wxWidgets-3.2.4/include -D_FILE_OFFSET_BITS=64 -DWXUSINGDLL -D__WXMSW__  -Og -g3 -Wall -Wextra -Wconversion -pipe -std=gnu++17 -isystem /c/boost//include -isystem /c/wxWidgets-3.2.4/build-mingw/lib/wx/include/msw-unicode-3.2 -isystem /c/wxWidgets-3.2.4/include -D_FILE_OFFSET_BITS=64 -DWXUSINGDLL -D__WXMSW__  -MT robotworld-Main.o -MD -MP -MF .deps/robotworld-Main.Tpo -c -o robotworld-Main.o `test -f 'Main.cpp' || echo '../../src/'`Main.cpp
mv -f .deps/robotworld-LineShape.Tpo .deps/robotworld-LineShape.Po
g++ -DHAVE_CONFIG_H -I. -I../../src  -DDEVELOPMENT -D_WIN32_WINNT=0x0501 -isystem /c/wxWidgets-3.2.4/build-mingw/lib/wx/include/msw-unicode-3.2 -isystem /c/wxWidgets-3.2.4/include -D_FILE_OFFSET_BITS=64 -DWXUSINGDLL -D__WXMSW__  -Og -g3 -Wall -Wextra -Wconversion -pipe -std=gnu++17 -isystem /c/boost//include -isystem /c/wxWidgets-3.2.4/build-mingw/lib/wx/include/msw-unicode-3.2 -isystem /c/wxWidgets-3.2.4/include -D_FILE_OFFSET_BITS=64 -DWXUSINGDLL -D__WXMSW__  -MT robotworld-MainApplication.o -MD -MP -MF .deps/robotworld-MainApplication.Tpo -c -o robotworld-MainApplication.o `test -f 'MainApplication.cpp' || echo '../../src/'`MainApplication.cpp
mv -f .deps/robotworld-CommunicationService.Tpo .deps/robotworld-CommunicationService.Po
g++ -DHAVE_CONFIG_H -I. -I../../src  -DDEVELOPMENT -D_WIN32_WINNT=0x0501 -isystem /c/wxWidgets-3.2.4/build-mingw/lib/wx/include/msw-unicode-3.2 -isystem /c/wxWidgets-3.2.4/include -D_FILE_OFFSET_BITS=64 -DWXUSINGDLL -D__WXMSW__  -Og -g3 -Wall -Wextra -Wconversion -pipe -std=gnu++17 -isystem /c/boost//include -isystem /c/wxWidgets-3.2.4/build-mingw/lib/wx/include/msw-unicode-3.2 -isystem /c/wxWidgets-3.2.4/include -D_FILE_OFFSET_BITS=64 -DWXUSINGDLL -D__WXMSW__  -MT robotworld-MainFrameWindow.o -MD -MP -MF .deps/robotworld-MainFrameWindow.Tpo -c -o robotworld-MainFrameWindow.o `test -f 'MainFrameWindow.cpp' || echo '../../src/'`MainFrameWindow.cpp
mv -f .deps/robotworld-LogTextCtrl.Tpo .deps/robotworld-LogTextCtrl.Po
g++ -DHAVE_CONFIG_H -I. -I../../src  -DDEVELOPMENT -D_WIN32_WINNT=0x0501 -isystem /c/wxWidgets-3.2.4/build-mingw/lib/wx/include/msw-unicode-3.2 -isystem /c/wxWidgets-3.2.4/include -D_FILE_OFFSET_BITS=64 -DWXUSINGDLL -D__WXMSW__  -Og -g3 -Wall -Wextra -Wconversion -pipe -std=gnu++17 -isystem /c/boost//include -isystem /c/wxWidgets-3.2.4/build-mingw/lib/wx/include/msw-unicode-3.2 -isystem /c/wxWidgets-3.2.4/include -D_FILE_OFFSET_BITS=64 -DWXUSINGDLL -D__WXMSW__  -MT robotworld-MainSettings.o -MD -MP -MF .deps/robotworld-MainSettings.Tpo -c -o robotworld-MainSettings.o `test -f 'MainSettings.cpp' || echo '../../src/'`MainSettings.cpp
mv -f .deps/robotworld-MainSettings.Tpo .deps/robotworld-MainSettings.Po
g++ -DHAVE_CONFIG_H -I. -I../../src  -DDEVELOPMENT -D_WIN32_WINNT=0x0501 -isystem /c/wxWidgets-3.2.4/build-mingw/lib/wx/include/msw-unicode-3.2 -isystem /c/wxWidgets-3.2.4/include -D_FILE_OFFSET_BITS=64 -DWXUSINGDLL -D__WXMSW__  -Og -g3 -Wall -Wextra -Wconversion -pipe -std=gnu++17 -isystem /c/boost//include -isystem /c/wxWidgets-3.2.4/build-mingw/lib/wx/include/msw-unicode-3.2 -isystem /c/wxWidgets-3.2.4/include -D_FILE_OFFSET_BITS=64 -DWXUSINGDLL -D__WXMSW__  -MT robotworld-MathUtils.o -MD -MP -MF .deps/robotworld-MathUtils.Tpo -c -o robotworld-MathUtils.o `test -f 'MathUtils.cpp' || echo '../../src/'`MathUtils.cpp
mv -f .deps/robotworld-MathUtils.Tpo .deps/robotworld-MathUtils.Po
g++ -DHAVE_CONFIG_H -I. -I../../src  -DDEVELOPMENT -D_WIN32_WINNT=0x0501 -isystem /c/wxWidgets-3.2.4/build-mingw/lib/wx/include/msw-unicode-3.2 -isystem /c/wxWidgets-3.2.4/include -D_FILE_OFFSET_BITS=64 -DWXUSINGDLL -D__WXMSW__  -Og -g3 -Wall -Wextra -Wconversion -pipe -std=gnu++17 -isystem /c/boost//include -isystem /c/wxWidgets-3.2.4/build-mingw/lib/wx/include/msw-unicode-3.2 -isystem /c/wxWidgets-3.2.4/include -D_FILE_OFFSET_BITS=64 -DWXUSINGDLL -D__WXMSW__  -MT robotworld-ModelObject.o -MD -MP -MF .deps/robotworld-ModelObject.Tpo -c -o robotworld-ModelObject.o `test -f 'ModelObject.cpp' || echo '../../src/'`ModelObject.cpp
mv -f .deps/robotworld-Main.Tpo .deps/robotworld-Main.Po
g++ -DHAVE_CONFIG_H -I. -I../../src  -DDEVELOPMENT -D_WIN32_WINNT=0x0501 -isystem /c/wxWidgets-3.2.4/build-mingw/lib/wx/include/msw-unicode-3.2 -isystem /c/wxWidgets-3.2.4/include -D_FILE_OFFSET_BITS=64 -DWXUSINGDLL -D__WXMSW__  -Og -g3 -Wall -Wextra -Wconversion -pipe -std=gnu++17 -isystem /c/boost//include -isystem /c/wxWidgets-3.2.4/build-mingw/lib/wx/include/msw-unicode-3.2 -isystem /c/wxWidgets-3.2.4/include -D_FILE_OFFSET_BITS=64 -DWXUSINGDLL -D__WXMSW__  -MT robotworld-NotificationHandler.o -MD -MP -MF .deps/robotworld-NotificationHandler.Tpo -c -o robotworld-NotificationHandler.o `test -f 'NotificationHandler.cpp' || echo '../../src/'`NotificationHandler.cpp
mv -f .deps/robotworld-ModelObject.Tpo .deps/robotworld-ModelObject.Po
g++ -DHAVE_CONFIG_H -I. -I../../src  -DDEVELOPMENT -D_WIN32_WINNT=0x0501 -isystem /c/wxWidgets-3.2.4/build-mingw/lib/wx/include/msw-unicode-3.2 -isystem /c/wxWidgets-3.2.4/include -D_FILE_OFFSET_BITS=64 -DWXUSINGDLL -D__WXMSW__  -Og -g3 -Wall -Wextra -Wconversion -pipe -std=gnu++17 -isystem /c/boost//include -isystem /c/wxWidgets-3.2.4/build-mingw/lib/wx/include/msw-unicode-3.2 -isystem /c/wxWidgets-3.2.4/include -D_FILE_OFFSET_BITS=64 -DWXUSINGDLL -D__WXMSW__  -MT robotworld-Notifier.o -MD -MP -MF .deps/robotworld-Notifier.Tpo -c -o robotworld-Notifier.o `test -f 'Notifier.cpp' || echo '../../src/'`Notifier.cpp
mv -f .deps/robotworld-MainApplication.Tpo .deps/robotworld-MainApplication.Po
g++ -DHAVE_CONFIG_H -I. -I../../src  -DDEVELOPMENT -D_WIN32_WINNT=0x0501 -isystem /c/wxWidgets-3.2.4/build-mingw/lib/wx/include/msw-unicode-3.2 -isystem /c/wxWidgets-3.2.4/include -D_FILE_OFFSET_BITS=64 -DWXUSINGDLL -D__WXMSW__  -Og -g3 -Wall -Wextra -Wconversion -pipe -std=gnu++17 -isystem /c/boost//include -isystem /c/wxWidgets-3.2.4/build-mingw/lib/wx/include/msw-unicode-3.2 -isystem /c/wxWidgets-3.2.4/include -D_FILE_OFFSET_BITS=64 -DWXUSINGDLL -D__WXMSW__  -MT robotworld-ObjectId.o -MD -MP -MF .deps/robotworld-ObjectId.Tpo -c -o robotworld-ObjectId.o `test -f 'ObjectId.cpp' || echo '../../src/'`ObjectId.cpp
mv -f .deps/robotworld-Notifier.Tpo .deps/robotworld-Notifier.Po
g++ -DHAVE_CONFIG_H -I. -I../../src  -DDEVELOPMENT -D_WIN32_WINNT=0x0501 -isystem /c/wxWidgets-3.2.4/build-mingw/lib/wx/include/msw-unicode-3.2 -isystem /c/wxWidgets-3.2.4/include -D_FILE_OFFSET_BITS=64 -DWXUSINGDLL -D__WXMSW__  -Og -g3 -Wall -Wextra -Wconversion -pipe -std=gnu++17 -isystem /c/boost//include -isystem /c/wxWidgets-3.2.4/build-mingw/lib/wx/include/msw-unicode-3.2 -isystem /c/wxWidgets-3.2.4/include -D_FILE_OFFSET_BITS=64 -DWXUSINGDLL -D__WXMSW__  -MT robotworld-Observer.o -MD -MP -MF .deps/robotworld-Observer.Tpo -c -o robotworld-Observer.o `test -f 'Observer.cpp' || echo '../../src/'`Observer.cpp
mv -f .deps/robotworld-Observer.Tpo .deps/robotworld-Observer.Po
g++ -DHAVE_CONFIG_H -I. -I../../src  -DDEVELOPMENT -D_WIN32_WINNT=0x0501 -isystem /c/wxWidgets-3.2.4/build-mingw/lib/wx/include/msw-unicode-3.2 -isystem /c/wxWidgets-3.2.4/include -D_FILE_OFFSET_BITS=64 -DWXUSINGDLL -D__WXMSW__  -Og -g3 -Wall -Wextra -Wconversion -pipe -std=gnu++17 -isystem /c/boost//include -isystem /c/wxWidgets-3.2.4/build-mingw/lib/wx/include/msw-unicode-3.2 -isystem /c/wxWidgets-3.2.4/include -D_FILE_OFFSET_BITS=64 -DWXUSINGDLL -D__WXMSW__  -MT robotworld-RectangleShape.o -MD -MP -MF .deps/robotworld-RectangleShape.Tpo -c -o robotworld-RectangleShape.o `test -f 'RectangleShape.cpp' || echo '../../src/'`RectangleShape.cpp
mv -f .deps/robotworld-ObjectId.Tpo .deps/robotworld-ObjectId.Po
g++ -DHAVE_CONFIG_H -I. -I../../src  -DDEVELOPMENT -D_WIN32_WINNT=0x0501 -isystem /c/wxWidgets-3.2.4/build-mingw/lib/wx/include/msw-unicode-3.2 -isystem /c/wxWidgets-3.2.4/include -D_FILE_OFFSET_BITS=64 -DWXUSINGDLL -D__WXMSW__  -Og -g3 -Wall -Wextra -Wconversion -pipe -std=gnu++17 -isystem /c/boost//include -isystem /c/wxWidgets-3.2.4/build-mingw/lib/wx/include/msw-unicode-3.2 -isystem /c/wxWidgets-3.2.4/include -D_FILE_OFFSET_BITS=64 -DWXUSINGDLL -D__WXMSW__  -MT robotworld-Robot.o -MD -MP -MF .deps/robotworld-Robot.Tpo -c -o robotworld-Robot.o `test -f 'Robot.cpp' || echo '../../src/'`Robot.cpp
mv -f .deps/robotworld-NotificationHandler.Tpo .deps/robotworld-NotificationHandler.Po
g++ -DHAVE_CONFIG_H -I. -I../../src  -DDEVELOPMENT -D_WIN32_WINNT=0x0501 -isystem /c/wxWidgets-3.2.4/build-mingw/lib/wx/include/msw-unicode-3.2 -isystem /c/wxWidgets-3.2.4/include -D_FILE_OFFSET_BITS=64 -DWXUSINGDLL -D__WXMSW__  -Og -g3 -Wall -Wextra -Wconversion -pipe -std=gnu++17 -isystem /c/boost//include -isystem /c/wxWidgets-3.2.4/build-mingw/lib/wx/include/msw-unicode-3.2 -isystem /c/wxWidgets-3.2.4/include -D_FILE_OFFSET_BITS=64 -DWXUSINGDLL -D__WXMSW__  -MT robotworld-RobotShape.o -MD -MP -MF .deps/robotworld-RobotShape.Tpo -c -o robotworld-RobotShape.o `test -f 'RobotShape.cpp' || echo '../../src/'`RobotShape.cpp
mv -f .deps/robotworld-RectangleShape.Tpo .deps/robotworld-RectangleShape.Po
g++ -DHAVE_CONFIG_H -I. -I../../src  -DDEVELOPMENT -D_WIN32_WINNT=0x0501 -isystem /c/wxWidgets-3.2.4/build-mingw/lib/wx/include/msw-unicode-3.2 -isystem /c/wxWidgets-3.2.4/include -D_FILE_OFFSET_BITS=64 -DWXUSINGDLL -D__WXMSW__  -Og -g3 -Wall -Wextra -Wconversion -pipe -std=gnu++17 -isystem /c/boost//include -isystem /c/wxWidgets-3.2.4/build-mingw/lib/wx/include/msw-unicode-3.2 -isystem /c/wxWidgets-3.2.4/include -D_FILE_OFFSET_BITS=64 -DWXUSINGDLL -D__WXMSW__  -MT robotworld-RobotWorld.o -MD -MP -MF .deps/robotworld-RobotWorld.Tpo -c -o robotworld-RobotWorld.o `test -f 'RobotWorld.cpp' || echo '../../src/'`RobotWorld.cpp
mv -f .deps/robotworld-RobotShape.Tpo .deps/robotworld-RobotShape.Po
g++ -DHAVE_CONFIG_H -I. -I../../src  -DDEVELOPMENT -D_WIN32_WINNT=0x0501 -isystem /c/wxWidgets-3.2.4/build-mingw/lib/wx/include/msw-unicode-3.2 -isystem /c/wxWidgets-3.2.4/include -D_FILE_OFFSET_BITS=64 -DWXUSINGDLL -D__WXMSW__  -Og -g3 -Wall -Wextra -Wconversion -pipe -std=gnu++17 -isystem /c/boost//include -isystem /c/wxWidgets-3.2.4/build-mingw/lib/wx/include/msw-unicode-3.2 -isystem /c/wxWidgets-3.2.4/include -D_FILE_OFFSET_BITS=64 -DWXUSINGDLL -D__WXMSW__  -MT robotworld-RobotWorldCanvas.o -MD -MP -MF .deps/robotworld-RobotWorldCanvas.Tpo -c -o robotworld-RobotWorldCanvas.o `test -f 'RobotWorldCanvas.cpp' || echo '../../src/'`RobotWorldCanvas.cpp
mv -f .deps/robotworld-MainFrameWindow.Tpo .deps/robotworld-MainFrameWindow.Po
g++ -DHAVE_CONFIG_H -I. -I../../src  -DDEVELOPMENT -D_WIN32_WINNT=0x0501 -isystem /c/wxWidgets-3.2.4/build-mingw/lib/wx/include/msw-unicode-3.2 -isystem /c/wxWidgets-3.2.4/include -D_FILE_OFFSET_BITS=64 -DWXUSINGDLL -D__WXMSW__  -Og -g3 -Wall -Wextra -Wconversion -pipe -std=gnu++17 -isystem /c/boost//include -isystem /c/wxWidgets-3.2.4/build-mingw/lib/wx/include/msw-unicode-3.2 -isystem /c/wxWidgets-3.2.4/include -D_FILE_OFFSET_BITS=64 -DWXUSINGDLL -D__WXMSW__  -MT robotworld-Server.o -MD -MP -MF .deps/robotworld-Server.Tpo -c -o robotworld-Server.o `test -f 'Server.cpp' || echo '../../src/'`Server.cpp
mv -f .deps/robotworld-RobotWorld.Tpo .deps/robotworld-RobotWorld.Po
g++ -DHAVE_CONFIG_H -I. -I../../src  -DDEVELOPMENT -D_WIN32_WINNT=0x0501 -isystem /c/wxWidgets-3.2.4/build-mingw/lib/wx/include/msw-unicode-3.2 -isystem /c/wxWidgets-3.2.4/include -D_FILE_OFFSET_BITS=64 -DWXUSINGDLL -D__WXMSW__  -Og -g3 -Wall -Wextra -Wconversion -pipe -std=gnu++17 -isystem /c/boost//include -isystem /c/wxWidgets-3.2.4/build-mingw/lib/wx/include/msw-unicode-3.2 -isystem /c/wxWidgets-3.2.4/include -D_FILE_OFFSET_BITS=64 -DWXUSINGDLL -D__WXMSW__  -MT robotworld-Shape2DUtils.o -MD -MP -MF .deps/robotworld-Shape2DUtils.Tpo -c -o robotworld-Shape2DUtils.o `test -f 'Shape2DUtils.cpp' || echo '../../src/'`Shape2DUtils.cpp
mv -f .deps/robotworld-Shape2DUtils.Tpo .deps/robotworld-Shape2DUtils.Po
g++ -DHAVE_CONFIG_H -I. -I../../src  -DDEVELOPMENT -D_WIN32_WINNT=0x0501 -isystem /c/wxWidgets-3.2.4/build-mingw/lib/wx/include/msw-unicode-3.2 -isystem /c/wxWidgets-3.2.4/include -D_FILE_OFFSET_BITS=64 -DWXUSINGDLL -D__WXMSW__  -Og -g3 -Wall -Wextra -Wconversion -pipe -std=gnu++17 -isystem /c/boost//include -isystem /c/wxWidgets-3.2.4/build-mingw/lib/wx/include/msw-unicode-3.2 -isystem /c/wxWidgets-3.2.4/include -D_FILE_OFFSET_BITS=64 -DWXUSINGDLL -D__WXMSW__  -MT robotworld-StdOutTraceFunction.o -MD -MP -MF .deps/robotworld-StdOutTraceFunction.Tpo -c -o robotworld-StdOutTraceFunction.o `test -f 'StdOutTraceFunction.cpp' || echo '../../src/'`StdOutTraceFunction.cpp
mv -f .deps/robotworld-StdOutTraceFunction.Tpo .deps/robotworld-StdOutTraceFunction.Po
g++ -DHAVE_CONFIG_H -I. -I../../src  -DDEVELOPMENT -D_WIN32_WINNT=0x0501 -isystem /c/wxWidgets-3.2.4/build-mingw/lib/wx/include/msw-unicode-3.2 -isystem /c/wxWidgets-3.2.4/include -D_FILE_OFFSET_BITS=64 -DWXUSINGDLL -D__WXMSW__  -Og -g3 -Wall -Wextra -Wconversion -pipe -std=gnu++17 -isystem /c/boost//include -isystem /c/wxWidgets-3.2.4/build-mingw/lib/wx/include/msw-unicode-3.2 -isystem /c/wxWidgets-3.2.4/include -D_FILE_OFFSET_BITS=64 -DWXUSINGDLL -D__WXMSW__  -MT robotworld-Trace.o -MD -MP -MF .deps/robotworld-Trace.Tpo -c -o robotworld-Trace.o `test -f 'Trace.cpp' || echo '../../src/'`Trace.cpp
mv -f .deps/robotworld-Robot.Tpo .deps/robotworld-Robot.Po
g++ -DHAVE_CONFIG_H -I. -I../../src  -DDEVELOPMENT -D_WIN32_WINNT=0x0501 -isystem /c/wxWidgets-3.2.4/build-mingw/lib/wx/include/msw-unicode-3.2 -isystem /c/wxWidgets-3.2.4/include -D_FILE_OFFSET_BITS=64 -DWXUSINGDLL -D__WXMSW__  -Og -g3 -Wall -Wextra -Wconversion -pipe -std=gnu++17 -isystem /c/boost//include -isystem /c/wxWidgets-3.2.4/build-mingw/lib/wx/include/msw-unicode-3.2 -isystem /c/wxWidgets-3.2.4/include -D_FILE_OFFSET_BITS=64 -DWXUSINGDLL -D__WXMSW__  -MT robotworld-ViewObject.o -MD -MP -MF .deps/robotworld-ViewObject.Tpo -c -o robotworld-ViewObject.o `test -f 'ViewObject.cpp' || echo '../../src/'`ViewObject.cpp
mv -f .deps/robotworld-ViewObject.Tpo .deps/robotworld-ViewObject.Po
g++ -DHAVE_CONFIG_H -I. -I../../src  -DDEVELOPMENT -D_WIN32_WINNT=0x0501 -isystem /c/wxWidgets-3.2.4/build-mingw/lib/wx/include/msw-unicode-3.2 -isystem /c/wxWidgets-3.2.4/include -D_FILE_OFFSET_BITS=64 -DWXUSINGDLL -D__WXMSW__  -Og -g3 -Wall -Wextra -Wconversion -pipe -std=gnu++17 -isystem /c/boost//include -isystem /c/wxWidgets-3.2.4/build-mingw/lib/wx/include/msw-unicode-3.2 -isystem /c/wxWidgets-3.2.4/include -D_FILE_OFFSET_BITS=64 -DWXUSINGDLL -D__WXMSW__  -MT robotworld-Wall.o -MD -MP -MF .deps/robotworld-Wall.Tpo -c -o robotworld-Wall.o `test -f 'Wall.cpp' || echo '../../src/'`Wall.cpp
mv -f .deps/robotworld-RobotWorldCanvas.Tpo .deps/robotworld-RobotWorldCanvas.Po
g++ -DHAVE_CONFIG_H -I. -I../../src  -DDEVELOPMENT -D_WIN32_WINNT=0x0501 -isystem /c/wxWidgets-3.2.4/build-mingw/lib/wx/include/msw-unicode-3.2 -isystem /c/wxWidgets-3.2.4/include -D_FILE_OFFSET_BITS=64 -DWXUSINGDLL -D__WXMSW__  -Og -g3 -Wall -Wextra -Wconversion -pipe -std=gnu++17 -isystem /c/boost//include -isystem /c/wxWidgets-3.2.4/build-mingw/lib/wx/include/msw-unicode-3.2 -isystem /c/wxWidgets-3.2.4/include -D_FILE_OFFSET_BITS=64 -DWXUSINGDLL -D__WXMSW__  -MT robotworld-WallShape.o -MD -MP -MF .deps/robotworld-WallShape.Tpo -c -o robotworld-WallShape.o `test -f 'WallShape.cpp' || echo '../../src/'`WallShape.cpp
mv -f .deps/robotworld-Server.Tpo .deps/robotworld-Server.Po
g++ -DHAVE_CONFIG_H -I. -I../../src  -DDEVELOPMENT -D_WIN32_WINNT=0x0501 -isystem /c/wxWidgets-3.2.4/build-mingw/lib/wx/include/msw-unicode-3.2 -isystem /c/wxWidgets-3.2.4/include -D_FILE_OFFSET_BITS=64 -DWXUSINGDLL -D__WXMSW__  -Og -g3 -Wall -Wextra -Wconversion -pipe -std=gnu++17 -isystem /c/boost//include -isystem /c/wxWidgets-3.2.4/build-mingw/lib/wx/include/msw-unicode-3.2 -isystem /c/wxWidgets-3.2.4/include -D_FILE_OFFSET_BITS=64 -DWXUSINGDLL -D__WXMSW__  -MT robotworld-WayPoint.o -MD -MP -MF .deps/robotworld-WayPoint.Tpo -c -o robotworld-WayPoint.o `test -f 'WayPoint.cpp' || echo '../../src/'`WayPoint.cpp
mv -f .deps/robotworld-Trace.Tpo .deps/robotworld-Trace.Po
g++ -DHAVE_CONFIG_H -I. -I../../src  -DDEVELOPMENT -D_WIN32_WINNT=0x0501 -isystem /c/wxWidgets-3.2.4/build-mingw/lib/wx/include/msw-unicode-3.2 -isystem /c/wxWidgets-3.2.4/include -D_FILE_OFFSET_BITS=64 -DWXUSINGDLL -D__WXMSW__  -Og -g3 -Wall -Wextra -Wconversion -pipe -std=gnu++17 -isystem /c/boost//include -isystem /c/wxWidgets-3.2.4/build-mingw/lib/wx/include/msw-unicode-3.2 -isystem /c/wxWidgets-3.2.4/include -D_FILE_OFFSET_BITS=64 -DWXUSINGDLL -D__WXMSW__  -MT robotworld-WayPointShape.o -MD -MP -MF .deps/robotworld-WayPointShape.Tpo -c -o robotworld-WayPointShape.o `test -f 'WayPointShape.cpp' || echo '../../src/'`WayPointShape.cpp
mv -f .deps/robotworld-Wall.Tpo .deps/robotworld-Wall.Po
g++ -DHAVE_CONFIG_H -I. -I../../src  -DDEVELOPMENT -D_WIN32_WINNT=0x0501 -isystem /c/wxWidgets-3.2.4/build-mingw/lib/wx/include/msw-unicode-3.2 -isystem /c/wxWidgets-3.2.4/include -D_FILE_OFFSET_BITS=64 -DWXUSINGDLL -D__WXMSW__  -Og -g3 -Wall -Wextra -Wconversion -pipe -std=gnu++17 -isystem /c/boost//include -isystem /c/wxWidgets-3.2.4/build-mingw/lib/wx/include/msw-unicode-3.2 -isystem /c/wxWidgets-3.2.4/include -D_FILE_OFFSET_BITS=64 -DWXUSINGDLL -D__WXMSW__  -MT robotworld-WidgetTraceFunction.o -MD -MP -MF .deps/robotworld-WidgetTraceFunction.Tpo -c -o robotworld-WidgetTraceFunction.o `test -f 'WidgetTraceFunction.cpp' || echo '../../src/'`WidgetTraceFunction.cpp
mv -f .deps/robotworld-WayPoint.Tpo .deps/robotworld-WayPoint.Po
g++ -DHAVE_CONFIG_H -I. -I../../src  -DDEVELOPMENT -D_WIN32_WINNT=0x0501 -isystem /c/wxWidgets-3.2.4/build-mingw/lib/wx/include/msw-unicode-3.2 -isystem /c/wxWidgets-3.2.4/include -D_FILE_OFFSET_BITS=64 -DWXUSINGDLL -D__WXMSW__  -Og -g3 -Wall -Wextra -Wconversion -pipe -std=gnu++17 -isystem /c/boost//include -isystem /c/wxWidgets-3.2.4/build-mingw/lib/wx/include/msw-unicode-3.2 -isystem /c/wxWidgets-3.2.4/include -D_FILE_OFFSET_BITS=64 -DWXUSINGDLL -D__WXMSW__  -MT robotworld-Widgets.o -MD -MP -MF .deps/robotworld-Widgets.Tpo -c -o robotworld-Widgets.o `test -f 'Widgets.cpp' || echo '../../src/'`Widgets.cpp
mv -f .deps/robotworld-WallShape.Tpo .deps/robotworld-WallShape.Po
mv -f .deps/robotworld-WidgetTraceFunction.Tpo .deps/robotworld-WidgetTraceFunction.Po
mv -f .deps/robotworld-WayPointShape.Tpo .deps/robotworld-WayPointShape.Po
mv -f .deps/robotworld-Widgets.Tpo .deps/robotworld-Widgets.Po
/bin/sh ../libtool  --tag=CXX --silent  --mode=link g++ -Og -g3 -Wall -Wextra -Wconversion -pipe -std=gnu++17 -isystem /c/boost//include -isystem /c/wxWidgets-3.2.4/build-mingw/lib/wx/include/msw-unicode-3.2 -isystem /c/wxWidgets-3.2.4/include -D_FILE_OFFSET_BITS=64 -DWXUSINGDLL -D__WXMSW__  -no-undefined -Wl,--enable-runtime-pseudo-reloc,--enable-auto-import  -Wl,--subsystem,windows -mwindows  -L/c/boost//lib -Wl,-R,/c/boost//lib  -Wl,-rpath,/c/wxWidgets-3.2.4/build-mingw/lib  -o robotworld.exe robotworld-AStar.o robotworld-BoundedVector.o robotworld-CommunicationService.o robotworld-FileTraceFunction.o robotworld-Goal.o robotworld-GoalShape.o robotworld-LineShape.o robotworld-Logger.o robotworld-LogTextCtrl.o robotworld-Main.o robotworld-MainApplication.o robotworld-MainFrameWindow.o robotworld-MainSettings.o robotworld-MathUtils.o robotworld-ModelObject.o robotworld-NotificationHandler.o robotworld-Notifier.o robotworld-ObjectId.o robotworld-Observer.o robotworld-RectangleShape.o robotworld-Robot.o robotworld-RobotShape.o robotworld-RobotWorld.o robotworld-RobotWorldCanvas.o robotworld-Server.o robotworld-Shape2DUtils.o robotworld-StdOutTraceFunction.o robotworld-Trace.o robotworld-ViewObject.o robotworld-Wall.o robotworld-WallShape.o robotworld-WayPoint.o robotworld-WayPointShape.o robotworld-WidgetTraceFunction.o robotworld-Widgets.o    -L/c/wxWidgets-3.2.4/build-mingw/lib   -Wl,--subsystem,windows -mwindows -lwx_mswu_xrc-3.2 -lwx_mswu_html-3.2 -lwx_mswu_qa-3.2 -lwx_mswu_core-3.2 -lwx_baseu_xml-3.2 -lwx_baseu_net-3.2 -lwx_baseu-3.2    -lboost_system-mt-x64 -lboost_thread-mt-x64 -lboost_system-mt-x64  -lws2_32 -lboost_filesystem-mt-x64 -lboost_chrono-mt-x64 -lwsock32 -lws2_32 
make[2]: Leaving directory '/c/Users/woutn/Downloads/robotworld-OSM@7b023648c27/mingw/src'
make[1]: Leaving directory '/c/Users/woutn/Downloads/robotworld-OSM@7b023648c27/mingw/src'
make[1]: Entering directory '/c/Users/woutn/Downloads/robotworld-OSM@7b023648c27/mingw'
make[1]: Nothing to be done for 'all-am'.
make[1]: Leaving directory '/c/Users/woutn/Downloads/robotworld-OSM@7b023648c27/mingw'
